<?xml version="1.0" encoding="UTF-8"?>
<!-- Generated by org.testng.reporters.JUnitReportReporter -->
<testsuite hostname="DESKTOP-SMAT8QD" name="appiumautomation.tests.FunctionalTests" tests="6" failures="0" timestamp="28 Oct 2019 11:01:25 GMT" time="12.721" errors="0">
  <testcase name="verifySuccessfullLaunchOfApp" time="0.269" classname="appiumautomation.tests.FunctionalTests"/>
  <testcase name="totalBillAmountWithTip" time="2.537" classname="appiumautomation.tests.FunctionalTests"/>
  <testcase name="totalBillAmountWithTip" time="2.392" classname="appiumautomation.tests.FunctionalTests"/>
  <testcase name="setTipPercentageInSettingsPage" time="2.953" classname="appiumautomation.tests.FunctionalTests"/>
  <testcase name="verifyNavigationToTipSettingsPage" time="2.177" classname="appiumautomation.tests.FunctionalTests"/>
  <testcase name="totalBillAmountWithTip" time="2.393" classname="appiumautomation.tests.FunctionalTests"/>
</testsuite> <!-- appiumautomation.tests.FunctionalTests -->
